EyeLock_App/app/build/outputs/logs/manifest-merger-debug-report.txt
-- Merging decision tree log ---
manifest
ADDED from src/main/AndroidManifest.xml:2:1-41:12
	package
		ADDED from src/main/AndroidManifest.xml:3:7-31
		INJECTED from src/main/AndroidManifest.xml
		INJECTED from src/main/AndroidManifest.xml
	android:versionName
		ADDED from src/main/AndroidManifest.xml:5:7-34
		INJECTED from src/main/AndroidManifest.xml
		INJECTED from src/main/AndroidManifest.xml
	android:versionCode
		ADDED from src/main/AndroidManifest.xml:4:7-30
		INJECTED from src/main/AndroidManifest.xml
		INJECTED from src/main/AndroidManifest.xml
	xmlns:android
		ADDED from src/main/AndroidManifest.xml:2:11-69
application
ADDED from src/main/AndroidManifest.xml:7:5-32:19
	android:label
		ADDED from src/main/AndroidManifest.xml:8:9-30
	android:icon
		ADDED from src/main/AndroidManifest.xml:7:18-48
	android:theme
		ADDED from src/main/AndroidManifest.xml:9:9-50
activity#de.mjpegsample.Cover
ADDED from src/main/AndroidManifest.xml:10:9-15:20
	android:label
		ADDED from src/main/AndroidManifest.xml:10:41-62
	android:name
		ADDED from src/main/AndroidManifest.xml:10:19-40
intent-filter#android.intent.action.MAIN+android.intent.category.LAUNCHER
ADDED from src/main/AndroidManifest.xml:11:13-14:29
action#android.intent.action.MAIN
ADDED from src/main/AndroidManifest.xml:12:17-69
	android:name
		ADDED from src/main/AndroidManifest.xml:12:25-66
category#android.intent.category.LAUNCHER
ADDED from src/main/AndroidManifest.xml:13:17-77
	android:name
		ADDED from src/main/AndroidManifest.xml:13:27-74
activity#de.mjpegsample.MjpegSample
ADDED from src/main/AndroidManifest.xml:16:9-19:20
	android:label
		ADDED from src/main/AndroidManifest.xml:18:13-40
	android:name
		ADDED from src/main/AndroidManifest.xml:17:13-40
activity#de.mjpegsample.SignUp
ADDED from src/main/AndroidManifest.xml:20:9-23:20
	android:label
		ADDED from src/main/AndroidManifest.xml:22:13-35
	android:name
		ADDED from src/main/AndroidManifest.xml:21:13-35
activity#de.mjpegsample.MjpegStream
ADDED from src/main/AndroidManifest.xml:24:9-27:20
	android:label
		ADDED from src/main/AndroidManifest.xml:26:13-40
	android:name
		ADDED from src/main/AndroidManifest.xml:25:13-40
activity#de.mjpegsample.ChangePassword
ADDED from src/main/AndroidManifest.xml:28:9-31:20
	android:label
		ADDED from src/main/AndroidManifest.xml:30:13-43
	android:name
		ADDED from src/main/AndroidManifest.xml:29:13-43
uses-sdk
ADDED from src/main/AndroidManifest.xml:34:5-43
	android:targetSdkVersion
		INJECTED from src/main/AndroidManifest.xml
		INJECTED from src/main/AndroidManifest.xml
	android:minSdkVersion
		ADDED from src/main/AndroidManifest.xml:34:15-41
		INJECTED from src/main/AndroidManifest.xml
		INJECTED from src/main/AndroidManifest.xml
uses-permission#android.permission.WRITE_EXTERNAL_STORAGE
ADDED from src/main/AndroidManifest.xml:35:5-81
	android:name
		ADDED from src/main/AndroidManifest.xml:35:22-78
uses-permission#android.permission.ACCESS_SUPERUSER
ADDED from src/main/AndroidManifest.xml:36:5-74
	android:name
		ADDED from src/main/AndroidManifest.xml:36:22-72
uses-permission#android.permission.INTERNET
ADDED from src/main/AndroidManifest.xml:37:5-66
	android:name
		ADDED from src/main/AndroidManifest.xml:37:22-64
uses-permission#android.permission.ACCESS_WIFI_STATE
ADDED from src/main/AndroidManifest.xml:38:5-76
	android:name
		ADDED from src/main/AndroidManifest.xml:38:22-73
uses-permission#android.permission.ACCESS_NETWORK_STATE
ADDED from src/main/AndroidManifest.xml:39:5-79
	android:name
		ADDED from src/main/AndroidManifest.xml:39:22-76
uses-permission#android.permission.CHANGE_WIFI_STATE
ADDED from src/main/AndroidManifest.xml:40:5-76
	android:name
		ADDED from src/main/AndroidManifest.xml:40:22-73